{"/Users/charmiedubongco/RenderPup/renderpup/src/index.js": {"path":"/Users/charmiedubongco/RenderPup/renderpup/src/index.js","statementMap":{"0":{"start":{"line":6,"column":13},"end":{"line":6,"column":55}},"1":{"start":{"line":7,"column":0},"end":{"line":7,"column":21}}},"fnMap":{},"branchMap":{},"s":{"0":0,"1":0},"f":{},"b":{}}
,"/Users/charmiedubongco/RenderPup/renderpup/src/components/About.jsx": {"path":"/Users/charmiedubongco/RenderPup/renderpup/src/components/About.jsx","statementMap":{"0":{"start":{"line":7,"column":14},"end":{"line":23,"column":1}},"1":{"start":{"line":8,"column":21},"end":{"line":8,"column":34}},"2":{"start":{"line":13,"column":2},"end":{"line":22,"column":3}}},"fnMap":{"0":{"name":"(anonymous_0)","decl":{"start":{"line":7,"column":14},"end":{"line":7,"column":15}},"loc":{"start":{"line":7,"column":20},"end":{"line":23,"column":1}},"line":7}},"branchMap":{},"s":{"0":0,"1":0,"2":0},"f":{"0":0},"b":{}}
,"/Users/charmiedubongco/RenderPup/renderpup/src/components/App.jsx": {"path":"/Users/charmiedubongco/RenderPup/renderpup/src/components/App.jsx","statementMap":{"0":{"start":{"line":18,"column":12},"end":{"line":142,"column":1}},"1":{"start":{"line":20,"column":40},"end":{"line":20,"column":57}},"2":{"start":{"line":22,"column":31},"end":{"line":22,"column":66}},"3":{"start":{"line":25,"column":21},"end":{"line":29,"column":3}},"4":{"start":{"line":28,"column":4},"end":{"line":28,"column":29}},"5":{"start":{"line":32,"column":40},"end":{"line":32,"column":54}},"6":{"start":{"line":98,"column":2},"end":{"line":98,"column":32}},"7":{"start":{"line":98,"column":26},"end":{"line":98,"column":32}},"8":{"start":{"line":99,"column":18},"end":{"line":99,"column":32}},"9":{"start":{"line":100,"column":2},"end":{"line":107,"column":3}},"10":{"start":{"line":100,"column":15},"end":{"line":100,"column":16}},"11":{"start":{"line":101,"column":4},"end":{"line":106,"column":5}},"12":{"start":{"line":102,"column":6},"end":{"line":102,"column":22}},"13":{"start":{"line":104,"column":9},"end":{"line":106,"column":5}},"14":{"start":{"line":105,"column":6},"end":{"line":105,"column":43}},"15":{"start":{"line":108,"column":2},"end":{"line":108,"column":25}},"16":{"start":{"line":111,"column":0},"end":{"line":140,"column":2}}},"fnMap":{"0":{"name":"(anonymous_0)","decl":{"start":{"line":18,"column":12},"end":{"line":18,"column":13}},"loc":{"start":{"line":18,"column":18},"end":{"line":142,"column":1}},"line":18},"1":{"name":"(anonymous_1)","decl":{"start":{"line":25,"column":21},"end":{"line":25,"column":22}},"loc":{"start":{"line":25,"column":35},"end":{"line":29,"column":3}},"line":25},"2":{"name":"convertDate","decl":{"start":{"line":97,"column":9},"end":{"line":97,"column":20}},"loc":{"start":{"line":97,"column":27},"end":{"line":109,"column":1}},"line":97}},"branchMap":{"0":{"loc":{"start":{"line":98,"column":2},"end":{"line":98,"column":32}},"type":"if","locations":[{"start":{"line":98,"column":2},"end":{"line":98,"column":32}},{"start":{},"end":{}}],"line":98},"1":{"loc":{"start":{"line":101,"column":4},"end":{"line":106,"column":5}},"type":"if","locations":[{"start":{"line":101,"column":4},"end":{"line":106,"column":5}},{"start":{"line":104,"column":9},"end":{"line":106,"column":5}}],"line":101},"2":{"loc":{"start":{"line":104,"column":9},"end":{"line":106,"column":5}},"type":"if","locations":[{"start":{"line":104,"column":9},"end":{"line":106,"column":5}},{"start":{},"end":{}}],"line":104},"3":{"loc":{"start":{"line":119,"column":36},"end":{"line":119,"column":144}},"type":"cond-expr","locations":[{"start":{"line":119,"column":64},"end":{"line":119,"column":100}},{"start":{"line":119,"column":107},"end":{"line":119,"column":143}}],"line":119}},"s":{"0":0,"1":0,"2":0,"3":0,"4":0,"5":0,"6":0,"7":0,"8":0,"9":0,"10":0,"11":0,"12":0,"13":0,"14":0,"15":0,"16":0},"f":{"0":0,"1":0,"2":0},"b":{"0":[0,0],"1":[0,0],"2":[0,0],"3":[0,0]}}
,"/Users/charmiedubongco/RenderPup/renderpup/src/components/BarGraph.jsx": {"path":"/Users/charmiedubongco/RenderPup/renderpup/src/components/BarGraph.jsx","statementMap":{"0":{"start":{"line":5,"column":17},"end":{"line":70,"column":1}},"1":{"start":{"line":7,"column":22},"end":{"line":7,"column":37}},"2":{"start":{"line":9,"column":19},"end":{"line":38,"column":7}},"3":{"start":{"line":11,"column":38},"end":{"line":11,"column":66}},"4":{"start":{"line":16,"column":40},"end":{"line":16,"column":48}},"5":{"start":{"line":28,"column":40},"end":{"line":28,"column":48}},"6":{"start":{"line":40,"column":22},"end":{"line":61,"column":5}},"7":{"start":{"line":63,"column":2},"end":{"line":69,"column":4}}},"fnMap":{"0":{"name":"(anonymous_0)","decl":{"start":{"line":5,"column":17},"end":{"line":5,"column":18}},"loc":{"start":{"line":5,"column":28},"end":{"line":70,"column":1}},"line":5},"1":{"name":"(anonymous_1)","decl":{"start":{"line":11,"column":30},"end":{"line":11,"column":31}},"loc":{"start":{"line":11,"column":38},"end":{"line":11,"column":66}},"line":11},"2":{"name":"(anonymous_2)","decl":{"start":{"line":16,"column":32},"end":{"line":16,"column":33}},"loc":{"start":{"line":16,"column":40},"end":{"line":16,"column":48}},"line":16},"3":{"name":"(anonymous_3)","decl":{"start":{"line":28,"column":32},"end":{"line":28,"column":33}},"loc":{"start":{"line":28,"column":40},"end":{"line":28,"column":48}},"line":28}},"branchMap":{},"s":{"0":0,"1":0,"2":0,"3":0,"4":0,"5":0,"6":0,"7":0},"f":{"0":0,"1":0,"2":0,"3":0},"b":{}}
,"/Users/charmiedubongco/RenderPup/renderpup/src/components/DashboardTwo.jsx": {"path":"/Users/charmiedubongco/RenderPup/renderpup/src/components/DashboardTwo.jsx","statementMap":{"0":{"start":{"line":10,"column":21},"end":{"line":212,"column":1}},"1":{"start":{"line":11,"column":26},"end":{"line":11,"column":41}},"2":{"start":{"line":12,"column":34},"end":{"line":12,"column":48}},"3":{"start":{"line":13,"column":32},"end":{"line":13,"column":47}},"4":{"start":{"line":14,"column":29},"end":{"line":14,"column":48}},"5":{"start":{"line":15,"column":19},"end":{"line":15,"column":32}},"6":{"start":{"line":17,"column":2},"end":{"line":39,"column":18}},"7":{"start":{"line":20,"column":6},"end":{"line":35,"column":59}},"8":{"start":{"line":21,"column":24},"end":{"line":21,"column":39}},"9":{"start":{"line":24,"column":27},"end":{"line":24,"column":36}},"10":{"start":{"line":25,"column":8},"end":{"line":32,"column":9}},"11":{"start":{"line":26,"column":10},"end":{"line":30,"column":11}},"12":{"start":{"line":27,"column":28},"end":{"line":27,"column":45}},"13":{"start":{"line":28,"column":12},"end":{"line":28,"column":49}},"14":{"start":{"line":29,"column":12},"end":{"line":29,"column":37}},"15":{"start":{"line":31,"column":10},"end":{"line":31,"column":32}},"16":{"start":{"line":33,"column":8},"end":{"line":33,"column":27}},"17":{"start":{"line":35,"column":20},"end":{"line":35,"column":58}},"18":{"start":{"line":38,"column":4},"end":{"line":38,"column":15}},"19":{"start":{"line":41,"column":22},"end":{"line":43,"column":3}},"20":{"start":{"line":42,"column":4},"end":{"line":42,"column":23}},"21":{"start":{"line":45,"column":21},"end":{"line":48,"column":3}},"22":{"start":{"line":46,"column":4},"end":{"line":46,"column":37}},"23":{"start":{"line":47,"column":4},"end":{"line":47,"column":19}},"24":{"start":{"line":50,"column":22},"end":{"line":53,"column":3}},"25":{"start":{"line":51,"column":4},"end":{"line":51,"column":22}},"26":{"start":{"line":52,"column":4},"end":{"line":52,"column":19}},"27":{"start":{"line":55,"column":24},"end":{"line":57,"column":3}},"28":{"start":{"line":56,"column":4},"end":{"line":56,"column":24}},"29":{"start":{"line":66,"column":18},"end":{"line":66,"column":20}},"30":{"start":{"line":68,"column":15},"end":{"line":68,"column":34}},"31":{"start":{"line":69,"column":2},"end":{"line":72,"column":3}},"32":{"start":{"line":69,"column":15},"end":{"line":69,"column":16}},"33":{"start":{"line":71,"column":4},"end":{"line":71,"column":123}},"34":{"start":{"line":71,"column":42},"end":{"line":71,"column":69}},"35":{"start":{"line":74,"column":24},"end":{"line":77,"column":3}},"36":{"start":{"line":75,"column":17},"end":{"line":75,"column":43}},"37":{"start":{"line":80,"column":4},"end":{"line":80,"column":21}},"38":{"start":{"line":82,"column":21},"end":{"line":82,"column":63}},"39":{"start":{"line":83,"column":18},"end":{"line":83,"column":32}},"40":{"start":{"line":84,"column":4},"end":{"line":84,"column":23}},"41":{"start":{"line":86,"column":4},"end":{"line":86,"column":44}},"42":{"start":{"line":88,"column":4},"end":{"line":124,"column":9}},"43":{"start":{"line":96,"column":8},"end":{"line":96,"column":26}},"44":{"start":{"line":98,"column":8},"end":{"line":101,"column":9}},"45":{"start":{"line":99,"column":10},"end":{"line":99,"column":86}},"46":{"start":{"line":100,"column":10},"end":{"line":100,"column":44}},"47":{"start":{"line":102,"column":8},"end":{"line":102,"column":31}},"48":{"start":{"line":106,"column":8},"end":{"line":119,"column":9}},"49":{"start":{"line":107,"column":30},"end":{"line":107,"column":94}},"50":{"start":{"line":108,"column":10},"end":{"line":108,"column":44}},"51":{"start":{"line":110,"column":13},"end":{"line":119,"column":9}},"52":{"start":{"line":113,"column":26},"end":{"line":113,"column":45}},"53":{"start":{"line":114,"column":10},"end":{"line":114,"column":41}},"54":{"start":{"line":115,"column":26},"end":{"line":115,"column":41}},"55":{"start":{"line":116,"column":10},"end":{"line":116,"column":30}},"56":{"start":{"line":118,"column":10},"end":{"line":118,"column":30}},"57":{"start":{"line":120,"column":8},"end":{"line":120,"column":26}},"58":{"start":{"line":123,"column":8},"end":{"line":123,"column":49}},"59":{"start":{"line":129,"column":4},"end":{"line":150,"column":9}},"60":{"start":{"line":138,"column":8},"end":{"line":141,"column":9}},"61":{"start":{"line":139,"column":10},"end":{"line":139,"column":86}},"62":{"start":{"line":140,"column":10},"end":{"line":140,"column":46}},"63":{"start":{"line":142,"column":8},"end":{"line":142,"column":31}},"64":{"start":{"line":146,"column":8},"end":{"line":146,"column":26}},"65":{"start":{"line":149,"column":8},"end":{"line":149,"column":48}},"66":{"start":{"line":153,"column":21},"end":{"line":153,"column":65}},"67":{"start":{"line":155,"column":2},"end":{"line":211,"column":4}}},"fnMap":{"0":{"name":"(anonymous_0)","decl":{"start":{"line":10,"column":21},"end":{"line":10,"column":22}},"loc":{"start":{"line":10,"column":53},"end":{"line":212,"column":1}},"line":10},"1":{"name":"(anonymous_1)","decl":{"start":{"line":17,"column":12},"end":{"line":17,"column":13}},"loc":{"start":{"line":17,"column":18},"end":{"line":39,"column":3}},"line":17},"2":{"name":"fetchUrls","decl":{"start":{"line":19,"column":13},"end":{"line":19,"column":22}},"loc":{"start":{"line":19,"column":25},"end":{"line":36,"column":5}},"line":19},"3":{"name":"(anonymous_3)","decl":{"start":{"line":21,"column":12},"end":{"line":21,"column":13}},"loc":{"start":{"line":21,"column":24},"end":{"line":21,"column":39}},"line":21},"4":{"name":"(anonymous_4)","decl":{"start":{"line":22,"column":12},"end":{"line":22,"column":13}},"loc":{"start":{"line":22,"column":20},"end":{"line":34,"column":7}},"line":22},"5":{"name":"(anonymous_5)","decl":{"start":{"line":35,"column":13},"end":{"line":35,"column":14}},"loc":{"start":{"line":35,"column":20},"end":{"line":35,"column":58}},"line":35},"6":{"name":"(anonymous_6)","decl":{"start":{"line":41,"column":22},"end":{"line":41,"column":23}},"loc":{"start":{"line":41,"column":28},"end":{"line":43,"column":3}},"line":41},"7":{"name":"(anonymous_7)","decl":{"start":{"line":45,"column":21},"end":{"line":45,"column":22}},"loc":{"start":{"line":45,"column":32},"end":{"line":48,"column":3}},"line":45},"8":{"name":"(anonymous_8)","decl":{"start":{"line":50,"column":22},"end":{"line":50,"column":23}},"loc":{"start":{"line":50,"column":28},"end":{"line":53,"column":3}},"line":50},"9":{"name":"(anonymous_9)","decl":{"start":{"line":55,"column":24},"end":{"line":55,"column":25}},"loc":{"start":{"line":55,"column":30},"end":{"line":57,"column":3}},"line":55},"10":{"name":"(anonymous_10)","decl":{"start":{"line":71,"column":36},"end":{"line":71,"column":37}},"loc":{"start":{"line":71,"column":42},"end":{"line":71,"column":69}},"line":71},"11":{"name":"(anonymous_11)","decl":{"start":{"line":74,"column":24},"end":{"line":74,"column":25}},"loc":{"start":{"line":74,"column":39},"end":{"line":77,"column":3}},"line":74},"12":{"name":"getNewData","decl":{"start":{"line":79,"column":11},"end":{"line":79,"column":21}},"loc":{"start":{"line":79,"column":24},"end":{"line":125,"column":3}},"line":79},"13":{"name":"(anonymous_13)","decl":{"start":{"line":95,"column":12},"end":{"line":95,"column":13}},"loc":{"start":{"line":95,"column":24},"end":{"line":103,"column":7}},"line":95},"14":{"name":"(anonymous_14)","decl":{"start":{"line":105,"column":12},"end":{"line":105,"column":13}},"loc":{"start":{"line":105,"column":26},"end":{"line":121,"column":7}},"line":105},"15":{"name":"(anonymous_15)","decl":{"start":{"line":122,"column":13},"end":{"line":122,"column":14}},"loc":{"start":{"line":122,"column":22},"end":{"line":124,"column":7}},"line":122},"16":{"name":"getExistingData","decl":{"start":{"line":127,"column":11},"end":{"line":127,"column":26}},"loc":{"start":{"line":127,"column":36},"end":{"line":151,"column":3}},"line":127},"17":{"name":"(anonymous_17)","decl":{"start":{"line":136,"column":12},"end":{"line":136,"column":13}},"loc":{"start":{"line":136,"column":24},"end":{"line":143,"column":7}},"line":136},"18":{"name":"(anonymous_18)","decl":{"start":{"line":145,"column":12},"end":{"line":145,"column":13}},"loc":{"start":{"line":145,"column":20},"end":{"line":147,"column":7}},"line":145},"19":{"name":"(anonymous_19)","decl":{"start":{"line":148,"column":13},"end":{"line":148,"column":14}},"loc":{"start":{"line":148,"column":22},"end":{"line":150,"column":7}},"line":148}},"branchMap":{"0":{"loc":{"start":{"line":26,"column":10},"end":{"line":30,"column":11}},"type":"if","locations":[{"start":{"line":26,"column":10},"end":{"line":30,"column":11}},{"start":{},"end":{}}],"line":26},"1":{"loc":{"start":{"line":98,"column":8},"end":{"line":101,"column":9}},"type":"if","locations":[{"start":{"line":98,"column":8},"end":{"line":101,"column":9}},{"start":{},"end":{}}],"line":98},"2":{"loc":{"start":{"line":106,"column":8},"end":{"line":119,"column":9}},"type":"if","locations":[{"start":{"line":106,"column":8},"end":{"line":119,"column":9}},{"start":{"line":110,"column":13},"end":{"line":119,"column":9}}],"line":106},"3":{"loc":{"start":{"line":110,"column":13},"end":{"line":119,"column":9}},"type":"if","locations":[{"start":{"line":110,"column":13},"end":{"line":119,"column":9}},{"start":{},"end":{}}],"line":110},"4":{"loc":{"start":{"line":138,"column":8},"end":{"line":141,"column":9}},"type":"if","locations":[{"start":{"line":138,"column":8},"end":{"line":141,"column":9}},{"start":{},"end":{}}],"line":138},"5":{"loc":{"start":{"line":203,"column":10},"end":{"line":208,"column":18}},"type":"cond-expr","locations":[{"start":{"line":204,"column":10},"end":{"line":207,"column":16}},{"start":{"line":208,"column":14},"end":{"line":208,"column":18}}],"line":203}},"s":{"0":1,"1":2,"2":2,"3":2,"4":2,"5":2,"6":2,"7":2,"8":0,"9":0,"10":0,"11":0,"12":0,"13":0,"14":0,"15":0,"16":0,"17":2,"18":2,"19":2,"20":0,"21":2,"22":0,"23":0,"24":2,"25":0,"26":0,"27":2,"28":0,"29":2,"30":2,"31":2,"32":2,"33":0,"34":0,"35":2,"36":0,"37":0,"38":0,"39":0,"40":0,"41":0,"42":0,"43":0,"44":0,"45":0,"46":0,"47":0,"48":0,"49":0,"50":0,"51":0,"52":0,"53":0,"54":0,"55":0,"56":0,"57":0,"58":0,"59":0,"60":0,"61":0,"62":0,"63":0,"64":0,"65":0,"66":2,"67":2},"f":{"0":2,"1":2,"2":2,"3":0,"4":0,"5":2,"6":0,"7":0,"8":0,"9":0,"10":0,"11":0,"12":0,"13":0,"14":0,"15":0,"16":0,"17":0,"18":0,"19":0},"b":{"0":[0,0],"1":[0,0],"2":[0,0],"3":[0,0],"4":[0,0],"5":[0,2]},"_coverageSchema":"1a1c01bbd47fc00a2c39e90264f33305004495a9","hash":"7c9180ac1cae6164b2988beda9684cd359056598"}
,"/Users/charmiedubongco/RenderPup/renderpup/src/components/Doughnut.jsx": {"path":"/Users/charmiedubongco/RenderPup/renderpup/src/components/Doughnut.jsx","statementMap":{"0":{"start":{"line":4,"column":22},"end":{"line":54,"column":1}},"1":{"start":{"line":5,"column":22},"end":{"line":5,"column":68}},"2":{"start":{"line":6,"column":4},"end":{"line":6,"column":26}},"3":{"start":{"line":7,"column":17},"end":{"line":7,"column":39}},"4":{"start":{"line":8,"column":19},"end":{"line":8,"column":43}},"5":{"start":{"line":9,"column":4},"end":{"line":9,"column":29}},"6":{"start":{"line":10,"column":29},"end":{"line":21,"column":3}},"7":{"start":{"line":22,"column":18},"end":{"line":33,"column":7}},"8":{"start":{"line":23,"column":33},"end":{"line":23,"column":37}},"9":{"start":{"line":26,"column":37},"end":{"line":26,"column":41}},"10":{"start":{"line":27,"column":37},"end":{"line":27,"column":41}},"11":{"start":{"line":34,"column":20},"end":{"line":45,"column":5}},"12":{"start":{"line":46,"column":2},"end":{"line":53,"column":4}}},"fnMap":{"0":{"name":"(anonymous_0)","decl":{"start":{"line":4,"column":22},"end":{"line":4,"column":23}},"loc":{"start":{"line":4,"column":33},"end":{"line":54,"column":1}},"line":4},"1":{"name":"(anonymous_1)","decl":{"start":{"line":23,"column":25},"end":{"line":23,"column":26}},"loc":{"start":{"line":23,"column":33},"end":{"line":23,"column":37}},"line":23},"2":{"name":"(anonymous_2)","decl":{"start":{"line":26,"column":29},"end":{"line":26,"column":30}},"loc":{"start":{"line":26,"column":37},"end":{"line":26,"column":41}},"line":26},"3":{"name":"(anonymous_3)","decl":{"start":{"line":27,"column":29},"end":{"line":27,"column":30}},"loc":{"start":{"line":27,"column":37},"end":{"line":27,"column":41}},"line":27}},"branchMap":{},"s":{"0":0,"1":0,"2":0,"3":0,"4":0,"5":0,"6":0,"7":0,"8":0,"9":0,"10":0,"11":0,"12":0},"f":{"0":0,"1":0,"2":0,"3":0},"b":{}}
,"/Users/charmiedubongco/RenderPup/renderpup/src/components/LineChartNSL.jsx": {"path":"/Users/charmiedubongco/RenderPup/renderpup/src/components/LineChartNSL.jsx","statementMap":{"0":{"start":{"line":5,"column":21},"end":{"line":55,"column":1}},"1":{"start":{"line":7,"column":22},"end":{"line":7,"column":31}},"2":{"start":{"line":9,"column":19},"end":{"line":23,"column":5}},"3":{"start":{"line":11,"column":38},"end":{"line":11,"column":60}},"4":{"start":{"line":19,"column":44},"end":{"line":19,"column":52}},"5":{"start":{"line":25,"column":20},"end":{"line":46,"column":5}},"6":{"start":{"line":48,"column":4},"end":{"line":54,"column":5}}},"fnMap":{"0":{"name":"(anonymous_0)","decl":{"start":{"line":5,"column":21},"end":{"line":5,"column":22}},"loc":{"start":{"line":5,"column":46},"end":{"line":55,"column":1}},"line":5},"1":{"name":"(anonymous_1)","decl":{"start":{"line":11,"column":30},"end":{"line":11,"column":31}},"loc":{"start":{"line":11,"column":38},"end":{"line":11,"column":60}},"line":11},"2":{"name":"(anonymous_2)","decl":{"start":{"line":19,"column":36},"end":{"line":19,"column":37}},"loc":{"start":{"line":19,"column":44},"end":{"line":19,"column":52}},"line":19}},"branchMap":{},"s":{"0":0,"1":0,"2":0,"3":0,"4":0,"5":0,"6":0},"f":{"0":0,"1":0,"2":0},"b":{}}
,"/Users/charmiedubongco/RenderPup/renderpup/src/components/LineChartTTFB.jsx": {"path":"/Users/charmiedubongco/RenderPup/renderpup/src/components/LineChartTTFB.jsx","statementMap":{"0":{"start":{"line":5,"column":22},"end":{"line":55,"column":1}},"1":{"start":{"line":7,"column":22},"end":{"line":7,"column":31}},"2":{"start":{"line":9,"column":19},"end":{"line":23,"column":5}},"3":{"start":{"line":11,"column":38},"end":{"line":11,"column":60}},"4":{"start":{"line":19,"column":44},"end":{"line":19,"column":53}},"5":{"start":{"line":25,"column":20},"end":{"line":46,"column":5}},"6":{"start":{"line":48,"column":4},"end":{"line":54,"column":5}}},"fnMap":{"0":{"name":"(anonymous_0)","decl":{"start":{"line":5,"column":22},"end":{"line":5,"column":23}},"loc":{"start":{"line":5,"column":47},"end":{"line":55,"column":1}},"line":5},"1":{"name":"(anonymous_1)","decl":{"start":{"line":11,"column":30},"end":{"line":11,"column":31}},"loc":{"start":{"line":11,"column":38},"end":{"line":11,"column":60}},"line":11},"2":{"name":"(anonymous_2)","decl":{"start":{"line":19,"column":36},"end":{"line":19,"column":37}},"loc":{"start":{"line":19,"column":44},"end":{"line":19,"column":53}},"line":19}},"branchMap":{},"s":{"0":0,"1":0,"2":0,"3":0,"4":0,"5":0,"6":0},"f":{"0":0,"1":0,"2":0},"b":{}}
,"/Users/charmiedubongco/RenderPup/renderpup/src/components/Logout.jsx": {"path":"/Users/charmiedubongco/RenderPup/renderpup/src/components/Logout.jsx","statementMap":{"0":{"start":{"line":6,"column":15},"end":{"line":58,"column":1}},"1":{"start":{"line":8,"column":19},"end":{"line":8,"column":32}},"2":{"start":{"line":10,"column":34},"end":{"line":10,"column":46}},"3":{"start":{"line":12,"column":22},"end":{"line":12,"column":67}},"4":{"start":{"line":14,"column":2},"end":{"line":50,"column":17}},"5":{"start":{"line":15,"column":23},"end":{"line":47,"column":3}},"6":{"start":{"line":17,"column":4},"end":{"line":46,"column":5}},"7":{"start":{"line":19,"column":23},"end":{"line":22,"column":8}},"8":{"start":{"line":24,"column":6},"end":{"line":43,"column":7}},"9":{"start":{"line":25,"column":29},"end":{"line":25,"column":50}},"10":{"start":{"line":27,"column":8},"end":{"line":40,"column":9}},"11":{"start":{"line":28,"column":10},"end":{"line":28,"column":35}},"12":{"start":{"line":29,"column":10},"end":{"line":29,"column":48}},"13":{"start":{"line":31,"column":10},"end":{"line":37,"column":16}},"14":{"start":{"line":33,"column":12},"end":{"line":33,"column":26}},"15":{"start":{"line":36,"column":10},"end":{"line":36,"column":30}},"16":{"start":{"line":39,"column":10},"end":{"line":39,"column":64}},"17":{"start":{"line":42,"column":8},"end":{"line":42,"column":69}},"18":{"start":{"line":45,"column":6},"end":{"line":45,"column":51}},"19":{"start":{"line":49,"column":4},"end":{"line":49,"column":19}},"20":{"start":{"line":52,"column":2},"end":{"line":57,"column":4}}},"fnMap":{"0":{"name":"(anonymous_0)","decl":{"start":{"line":6,"column":15},"end":{"line":6,"column":16}},"loc":{"start":{"line":6,"column":21},"end":{"line":58,"column":1}},"line":6},"1":{"name":"(anonymous_1)","decl":{"start":{"line":14,"column":12},"end":{"line":14,"column":13}},"loc":{"start":{"line":14,"column":18},"end":{"line":50,"column":3}},"line":14},"2":{"name":"(anonymous_2)","decl":{"start":{"line":15,"column":23},"end":{"line":15,"column":24}},"loc":{"start":{"line":15,"column":35},"end":{"line":47,"column":3}},"line":15},"3":{"name":"(anonymous_3)","decl":{"start":{"line":31,"column":21},"end":{"line":31,"column":22}},"loc":{"start":{"line":31,"column":27},"end":{"line":37,"column":9}},"line":31}},"branchMap":{"0":{"loc":{"start":{"line":24,"column":6},"end":{"line":43,"column":7}},"type":"if","locations":[{"start":{"line":24,"column":6},"end":{"line":43,"column":7}},{"start":{"line":41,"column":13},"end":{"line":43,"column":7}}],"line":24},"1":{"loc":{"start":{"line":27,"column":8},"end":{"line":40,"column":9}},"type":"if","locations":[{"start":{"line":27,"column":8},"end":{"line":40,"column":9}},{"start":{"line":38,"column":15},"end":{"line":40,"column":9}}],"line":27}},"s":{"0":0,"1":0,"2":0,"3":0,"4":0,"5":0,"6":0,"7":0,"8":0,"9":0,"10":0,"11":0,"12":0,"13":0,"14":0,"15":0,"16":0,"17":0,"18":0,"19":0,"20":0},"f":{"0":0,"1":0,"2":0,"3":0},"b":{"0":[0,0],"1":[0,0]}}
,"/Users/charmiedubongco/RenderPup/renderpup/src/components/SignIn.jsx": {"path":"/Users/charmiedubongco/RenderPup/renderpup/src/components/SignIn.jsx","statementMap":{"0":{"start":{"line":20,"column":2},"end":{"line":29,"column":4}},"1":{"start":{"line":34,"column":21},"end":{"line":34,"column":34}},"2":{"start":{"line":38,"column":19},"end":{"line":38,"column":32}},"3":{"start":{"line":65,"column":23},"end":{"line":91,"column":3}},"4":{"start":{"line":66,"column":4},"end":{"line":66,"column":27}},"5":{"start":{"line":67,"column":17},"end":{"line":67,"column":50}},"6":{"start":{"line":68,"column":4},"end":{"line":88,"column":9}},"7":{"start":{"line":78,"column":25},"end":{"line":78,"column":42}},"8":{"start":{"line":79,"column":8},"end":{"line":84,"column":9}},"9":{"start":{"line":80,"column":10},"end":{"line":80,"column":32}},"10":{"start":{"line":83,"column":10},"end":{"line":83,"column":56}},"11":{"start":{"line":87,"column":8},"end":{"line":87,"column":51}},"12":{"start":{"line":93,"column":2},"end":{"line":172,"column":4}},"13":{"start":{"line":159,"column":39},"end":{"line":159,"column":61}}},"fnMap":{"0":{"name":"Copyright","decl":{"start":{"line":19,"column":9},"end":{"line":19,"column":18}},"loc":{"start":{"line":19,"column":26},"end":{"line":30,"column":1}},"line":19},"1":{"name":"SignIn","decl":{"start":{"line":36,"column":24},"end":{"line":36,"column":30}},"loc":{"start":{"line":36,"column":47},"end":{"line":173,"column":1}},"line":36},"2":{"name":"(anonymous_2)","decl":{"start":{"line":65,"column":23},"end":{"line":65,"column":24}},"loc":{"start":{"line":65,"column":34},"end":{"line":91,"column":3}},"line":65},"3":{"name":"(anonymous_3)","decl":{"start":{"line":77,"column":12},"end":{"line":77,"column":13}},"loc":{"start":{"line":77,"column":26},"end":{"line":85,"column":7}},"line":77},"4":{"name":"(anonymous_4)","decl":{"start":{"line":86,"column":13},"end":{"line":86,"column":14}},"loc":{"start":{"line":86,"column":20},"end":{"line":88,"column":7}},"line":86},"5":{"name":"(anonymous_5)","decl":{"start":{"line":159,"column":33},"end":{"line":159,"column":34}},"loc":{"start":{"line":159,"column":39},"end":{"line":159,"column":61}},"line":159}},"branchMap":{"0":{"loc":{"start":{"line":79,"column":8},"end":{"line":84,"column":9}},"type":"if","locations":[{"start":{"line":79,"column":8},"end":{"line":84,"column":9}},{"start":{"line":82,"column":15},"end":{"line":84,"column":9}}],"line":79}},"s":{"0":0,"1":0,"2":0,"3":0,"4":0,"5":0,"6":0,"7":0,"8":0,"9":0,"10":0,"11":0,"12":0,"13":0},"f":{"0":0,"1":0,"2":0,"3":0,"4":0,"5":0},"b":{"0":[0,0]}}
,"/Users/charmiedubongco/RenderPup/renderpup/src/components/SignUp.jsx": {"path":"/Users/charmiedubongco/RenderPup/renderpup/src/components/SignUp.jsx","statementMap":{"0":{"start":{"line":19,"column":2},"end":{"line":28,"column":4}},"1":{"start":{"line":33,"column":21},"end":{"line":33,"column":34}},"2":{"start":{"line":36,"column":18},"end":{"line":36,"column":31}},"3":{"start":{"line":39,"column":23},"end":{"line":80,"column":3}},"4":{"start":{"line":40,"column":4},"end":{"line":40,"column":27}},"5":{"start":{"line":41,"column":17},"end":{"line":41,"column":50}},"6":{"start":{"line":48,"column":4},"end":{"line":79,"column":67}},"7":{"start":{"line":64,"column":8},"end":{"line":64,"column":31}},"8":{"start":{"line":67,"column":8},"end":{"line":67,"column":26}},"9":{"start":{"line":79,"column":22},"end":{"line":79,"column":66}},"10":{"start":{"line":82,"column":2},"end":{"line":191,"column":4}},"11":{"start":{"line":178,"column":39},"end":{"line":178,"column":60}}},"fnMap":{"0":{"name":"Copyright","decl":{"start":{"line":18,"column":9},"end":{"line":18,"column":18}},"loc":{"start":{"line":18,"column":26},"end":{"line":29,"column":1}},"line":18},"1":{"name":"SignUp","decl":{"start":{"line":35,"column":24},"end":{"line":35,"column":30}},"loc":{"start":{"line":35,"column":47},"end":{"line":192,"column":1}},"line":35},"2":{"name":"(anonymous_2)","decl":{"start":{"line":39,"column":23},"end":{"line":39,"column":24}},"loc":{"start":{"line":39,"column":34},"end":{"line":80,"column":3}},"line":39},"3":{"name":"(anonymous_3)","decl":{"start":{"line":63,"column":12},"end":{"line":63,"column":13}},"loc":{"start":{"line":63,"column":24},"end":{"line":65,"column":7}},"line":63},"4":{"name":"(anonymous_4)","decl":{"start":{"line":66,"column":12},"end":{"line":66,"column":13}},"loc":{"start":{"line":66,"column":20},"end":{"line":68,"column":7}},"line":66},"5":{"name":"(anonymous_5)","decl":{"start":{"line":79,"column":15},"end":{"line":79,"column":16}},"loc":{"start":{"line":79,"column":22},"end":{"line":79,"column":66}},"line":79},"6":{"name":"(anonymous_6)","decl":{"start":{"line":178,"column":33},"end":{"line":178,"column":34}},"loc":{"start":{"line":178,"column":39},"end":{"line":178,"column":60}},"line":178}},"branchMap":{},"s":{"0":0,"1":0,"2":0,"3":0,"4":0,"5":0,"6":0,"7":0,"8":0,"9":0,"10":0,"11":0},"f":{"0":0,"1":0,"2":0,"3":0,"4":0,"5":0,"6":0},"b":{}}
,"/Users/charmiedubongco/RenderPup/renderpup/src/components/dashboard.jsx": {"path":"/Users/charmiedubongco/RenderPup/renderpup/src/components/dashboard.jsx","statementMap":{"0":{"start":{"line":8,"column":18},"end":{"line":147,"column":1}},"1":{"start":{"line":9,"column":26},"end":{"line":9,"column":41}},"2":{"start":{"line":10,"column":32},"end":{"line":10,"column":47}},"3":{"start":{"line":12,"column":21},"end":{"line":14,"column":3}},"4":{"start":{"line":13,"column":4},"end":{"line":13,"column":19}},"5":{"start":{"line":17,"column":24},"end":{"line":20,"column":3}},"6":{"start":{"line":18,"column":17},"end":{"line":18,"column":43}},"7":{"start":{"line":23,"column":4},"end":{"line":23,"column":21}},"8":{"start":{"line":25,"column":21},"end":{"line":25,"column":63}},"9":{"start":{"line":26,"column":18},"end":{"line":26,"column":32}},"10":{"start":{"line":27,"column":4},"end":{"line":27,"column":23}},"11":{"start":{"line":29,"column":4},"end":{"line":29,"column":44}},"12":{"start":{"line":31,"column":4},"end":{"line":66,"column":9}},"13":{"start":{"line":39,"column":8},"end":{"line":39,"column":26}},"14":{"start":{"line":41,"column":8},"end":{"line":44,"column":9}},"15":{"start":{"line":42,"column":10},"end":{"line":42,"column":86}},"16":{"start":{"line":43,"column":10},"end":{"line":43,"column":44}},"17":{"start":{"line":45,"column":8},"end":{"line":45,"column":31}},"18":{"start":{"line":49,"column":8},"end":{"line":61,"column":9}},"19":{"start":{"line":50,"column":30},"end":{"line":50,"column":78}},"20":{"start":{"line":51,"column":10},"end":{"line":51,"column":44}},"21":{"start":{"line":53,"column":13},"end":{"line":61,"column":9}},"22":{"start":{"line":56,"column":26},"end":{"line":56,"column":45}},"23":{"start":{"line":57,"column":10},"end":{"line":57,"column":33}},"24":{"start":{"line":58,"column":26},"end":{"line":58,"column":41}},"25":{"start":{"line":60,"column":10},"end":{"line":60,"column":30}},"26":{"start":{"line":62,"column":8},"end":{"line":62,"column":26}},"27":{"start":{"line":65,"column":8},"end":{"line":65,"column":49}},"28":{"start":{"line":71,"column":4},"end":{"line":92,"column":9}},"29":{"start":{"line":80,"column":8},"end":{"line":83,"column":9}},"30":{"start":{"line":81,"column":10},"end":{"line":81,"column":86}},"31":{"start":{"line":82,"column":10},"end":{"line":82,"column":46}},"32":{"start":{"line":84,"column":8},"end":{"line":84,"column":31}},"33":{"start":{"line":88,"column":8},"end":{"line":88,"column":26}},"34":{"start":{"line":91,"column":8},"end":{"line":91,"column":48}},"35":{"start":{"line":95,"column":18},"end":{"line":95,"column":20}},"36":{"start":{"line":96,"column":15},"end":{"line":96,"column":34}},"37":{"start":{"line":97,"column":2},"end":{"line":100,"column":3}},"38":{"start":{"line":97,"column":15},"end":{"line":97,"column":16}},"39":{"start":{"line":99,"column":4},"end":{"line":99,"column":142}},"40":{"start":{"line":99,"column":63},"end":{"line":99,"column":90}},"41":{"start":{"line":102,"column":21},"end":{"line":102,"column":65}},"42":{"start":{"line":104,"column":2},"end":{"line":146,"column":4}}},"fnMap":{"0":{"name":"(anonymous_0)","decl":{"start":{"line":8,"column":18},"end":{"line":8,"column":19}},"loc":{"start":{"line":8,"column":57},"end":{"line":147,"column":1}},"line":8},"1":{"name":"(anonymous_1)","decl":{"start":{"line":12,"column":21},"end":{"line":12,"column":22}},"loc":{"start":{"line":12,"column":27},"end":{"line":14,"column":3}},"line":12},"2":{"name":"(anonymous_2)","decl":{"start":{"line":17,"column":24},"end":{"line":17,"column":25}},"loc":{"start":{"line":17,"column":39},"end":{"line":20,"column":3}},"line":17},"3":{"name":"getNewData","decl":{"start":{"line":22,"column":11},"end":{"line":22,"column":21}},"loc":{"start":{"line":22,"column":24},"end":{"line":67,"column":3}},"line":22},"4":{"name":"(anonymous_4)","decl":{"start":{"line":38,"column":12},"end":{"line":38,"column":13}},"loc":{"start":{"line":38,"column":24},"end":{"line":46,"column":7}},"line":38},"5":{"name":"(anonymous_5)","decl":{"start":{"line":48,"column":12},"end":{"line":48,"column":13}},"loc":{"start":{"line":48,"column":26},"end":{"line":63,"column":7}},"line":48},"6":{"name":"(anonymous_6)","decl":{"start":{"line":64,"column":13},"end":{"line":64,"column":14}},"loc":{"start":{"line":64,"column":22},"end":{"line":66,"column":7}},"line":64},"7":{"name":"getExistingData","decl":{"start":{"line":69,"column":11},"end":{"line":69,"column":26}},"loc":{"start":{"line":69,"column":36},"end":{"line":93,"column":3}},"line":69},"8":{"name":"(anonymous_8)","decl":{"start":{"line":78,"column":12},"end":{"line":78,"column":13}},"loc":{"start":{"line":78,"column":24},"end":{"line":85,"column":7}},"line":78},"9":{"name":"(anonymous_9)","decl":{"start":{"line":87,"column":12},"end":{"line":87,"column":13}},"loc":{"start":{"line":87,"column":20},"end":{"line":89,"column":7}},"line":87},"10":{"name":"(anonymous_10)","decl":{"start":{"line":90,"column":13},"end":{"line":90,"column":14}},"loc":{"start":{"line":90,"column":22},"end":{"line":92,"column":7}},"line":90},"11":{"name":"(anonymous_11)","decl":{"start":{"line":99,"column":57},"end":{"line":99,"column":58}},"loc":{"start":{"line":99,"column":63},"end":{"line":99,"column":90}},"line":99}},"branchMap":{"0":{"loc":{"start":{"line":41,"column":8},"end":{"line":44,"column":9}},"type":"if","locations":[{"start":{"line":41,"column":8},"end":{"line":44,"column":9}},{"start":{},"end":{}}],"line":41},"1":{"loc":{"start":{"line":49,"column":8},"end":{"line":61,"column":9}},"type":"if","locations":[{"start":{"line":49,"column":8},"end":{"line":61,"column":9}},{"start":{"line":53,"column":13},"end":{"line":61,"column":9}}],"line":49},"2":{"loc":{"start":{"line":53,"column":13},"end":{"line":61,"column":9}},"type":"if","locations":[{"start":{"line":53,"column":13},"end":{"line":61,"column":9}},{"start":{},"end":{}}],"line":53},"3":{"loc":{"start":{"line":80,"column":8},"end":{"line":83,"column":9}},"type":"if","locations":[{"start":{"line":80,"column":8},"end":{"line":83,"column":9}},{"start":{},"end":{}}],"line":80},"4":{"loc":{"start":{"line":126,"column":12},"end":{"line":131,"column":20}},"type":"cond-expr","locations":[{"start":{"line":127,"column":12},"end":{"line":130,"column":18}},{"start":{"line":131,"column":16},"end":{"line":131,"column":20}}],"line":126},"5":{"loc":{"start":{"line":135,"column":12},"end":{"line":143,"column":18}},"type":"cond-expr","locations":[{"start":{"line":136,"column":12},"end":{"line":142,"column":17}},{"start":{"line":143,"column":14},"end":{"line":143,"column":18}}],"line":135}},"s":{"0":0,"1":0,"2":0,"3":0,"4":0,"5":0,"6":0,"7":0,"8":0,"9":0,"10":0,"11":0,"12":0,"13":0,"14":0,"15":0,"16":0,"17":0,"18":0,"19":0,"20":0,"21":0,"22":0,"23":0,"24":0,"25":0,"26":0,"27":0,"28":0,"29":0,"30":0,"31":0,"32":0,"33":0,"34":0,"35":0,"36":0,"37":0,"38":0,"39":0,"40":0,"41":0,"42":0},"f":{"0":0,"1":0,"2":0,"3":0,"4":0,"5":0,"6":0,"7":0,"8":0,"9":0,"10":0,"11":0},"b":{"0":[0,0],"1":[0,0],"2":[0,0],"3":[0,0],"4":[0,0],"5":[0,0]}}
}
