TN:
SF:src/index.js
FNF:0
FNH:0
DA:6,0
DA:7,0
LF:2
LH:0
BRF:0
BRH:0
end_of_record
TN:
SF:src/components/About.jsx
FN:8,(anonymous_0)
FN:11,(anonymous_1)
FNF:2
FNH:1
FNDA:1,(anonymous_0)
FNDA:0,(anonymous_1)
DA:8,1
DA:9,1
DA:11,1
DA:13,0
DA:15,1
LF:5
LH:4
BRF:0
BRH:0
end_of_record
TN:
SF:src/components/App.jsx
FN:15,(anonymous_0)
FN:21,(anonymous_1)
FN:26,convertDate
FNF:3
FNH:0
FNDA:0,(anonymous_0)
FNDA:0,(anonymous_1)
FNDA:0,convertDate
DA:15,0
DA:17,0
DA:19,0
DA:21,0
DA:22,0
DA:27,0
DA:28,0
DA:29,0
DA:31,0
DA:32,0
DA:35,0
DA:36,0
DA:39,0
DA:42,0
LF:14
LH:0
BRDA:27,0,0,0
BRDA:27,0,1,0
BRDA:31,1,0,0
BRDA:31,1,1,0
BRDA:35,2,0,0
BRDA:35,2,1,0
BRDA:50,3,0,0
BRDA:50,3,1,0
BRF:8
BRH:0
end_of_record
TN:
SF:src/components/BarGraph.jsx
FN:5,(anonymous_0)
FN:11,(anonymous_1)
FN:16,(anonymous_2)
FN:28,(anonymous_3)
FNF:4
FNH:0
FNDA:0,(anonymous_0)
FNDA:0,(anonymous_1)
FNDA:0,(anonymous_2)
FNDA:0,(anonymous_3)
DA:5,0
DA:7,0
DA:9,0
DA:11,0
DA:16,0
DA:28,0
DA:40,0
DA:63,0
LF:8
LH:0
BRF:0
BRH:0
end_of_record
TN:
SF:src/components/DashboardTwo.jsx
FN:10,(anonymous_0)
FN:21,(anonymous_1)
FN:23,fetchUrls
FN:25,(anonymous_3)
FN:26,(anonymous_4)
FN:40,(anonymous_5)
FN:48,(anonymous_6)
FN:53,(anonymous_7)
FN:59,(anonymous_8)
FN:63,(anonymous_9)
FN:72,(anonymous_10)
FN:77,(anonymous_11)
FN:82,getNewData
FN:98,(anonymous_13)
FN:108,(anonymous_14)
FN:124,(anonymous_15)
FN:130,getExistingData
FN:139,(anonymous_17)
FN:148,(anonymous_18)
FN:151,(anonymous_19)
FNF:20
FNH:0
FNDA:0,(anonymous_0)
FNDA:0,(anonymous_1)
FNDA:0,fetchUrls
FNDA:0,(anonymous_3)
FNDA:0,(anonymous_4)
FNDA:0,(anonymous_5)
FNDA:0,(anonymous_6)
FNDA:0,(anonymous_7)
FNDA:0,(anonymous_8)
FNDA:0,(anonymous_9)
FNDA:0,(anonymous_10)
FNDA:0,(anonymous_11)
FNDA:0,getNewData
FNDA:0,(anonymous_13)
FNDA:0,(anonymous_14)
FNDA:0,(anonymous_15)
FNDA:0,getExistingData
FNDA:0,(anonymous_17)
FNDA:0,(anonymous_18)
FNDA:0,(anonymous_19)
DA:10,0
DA:11,0
DA:13,0
DA:15,0
DA:17,0
DA:19,0
DA:21,0
DA:24,0
DA:25,0
DA:28,0
DA:30,0
DA:31,0
DA:32,0
DA:33,0
DA:34,0
DA:36,0
DA:38,0
DA:40,0
DA:43,0
DA:44,0
DA:48,0
DA:49,0
DA:50,0
DA:53,0
DA:54,0
DA:55,0
DA:59,0
DA:60,0
DA:63,0
DA:65,0
DA:68,0
DA:70,0
DA:71,0
DA:72,0
DA:77,0
DA:78,0
DA:83,0
DA:85,0
DA:86,0
DA:87,0
DA:89,0
DA:91,0
DA:99,0
DA:101,0
DA:102,0
DA:103,0
DA:105,0
DA:109,0
DA:110,0
DA:111,0
DA:113,0
DA:116,0
DA:117,0
DA:118,0
DA:120,0
DA:122,0
DA:125,0
DA:132,0
DA:141,0
DA:142,0
DA:143,0
DA:145,0
DA:149,0
DA:152,0
DA:156,0
DA:158,0
LF:66
LH:0
BRDA:31,0,0,0
BRDA:31,0,1,0
BRDA:101,1,0,0
BRDA:101,1,1,0
BRDA:109,2,0,0
BRDA:109,2,1,0
BRDA:113,3,0,0
BRDA:113,3,1,0
BRDA:141,4,0,0
BRDA:141,4,1,0
BRDA:211,5,0,0
BRDA:211,5,1,0
BRF:12
BRH:0
end_of_record
TN:
SF:src/components/Doughnut.jsx
FN:5,(anonymous_0)
FN:25,(anonymous_1)
FN:29,(anonymous_2)
FN:31,(anonymous_3)
FNF:4
FNH:0
FNDA:0,(anonymous_0)
FNDA:0,(anonymous_1)
FNDA:0,(anonymous_2)
FNDA:0,(anonymous_3)
DA:5,0
DA:7,0
DA:9,0
DA:10,0
DA:11,0
DA:23,0
DA:25,0
DA:29,0
DA:31,0
DA:38,0
DA:49,0
LF:11
LH:0
BRF:0
BRH:0
end_of_record
TN:
SF:src/components/LineChartNSL.jsx
FN:5,(anonymous_0)
FN:11,(anonymous_1)
FN:19,(anonymous_2)
FNF:3
FNH:0
FNDA:0,(anonymous_0)
FNDA:0,(anonymous_1)
FNDA:0,(anonymous_2)
DA:5,0
DA:7,0
DA:9,0
DA:11,0
DA:19,0
DA:25,0
DA:48,0
LF:7
LH:0
BRF:0
BRH:0
end_of_record
TN:
SF:src/components/LineChartTTFB.jsx
FN:5,(anonymous_0)
FN:11,(anonymous_1)
FN:19,(anonymous_2)
FNF:3
FNH:0
FNDA:0,(anonymous_0)
FNDA:0,(anonymous_1)
FNDA:0,(anonymous_2)
DA:5,0
DA:7,0
DA:9,0
DA:11,0
DA:19,0
DA:25,0
DA:48,0
LF:7
LH:0
BRF:0
BRH:0
end_of_record
TN:
SF:src/components/Logout.jsx
FN:6,(anonymous_0)
FN:14,(anonymous_1)
FN:15,(anonymous_2)
FN:32,(anonymous_3)
FNF:4
FNH:3
FNDA:1,(anonymous_0)
FNDA:1,(anonymous_1)
FNDA:1,(anonymous_2)
FNDA:0,(anonymous_3)
DA:6,1
DA:8,1
DA:10,1
DA:12,1
DA:14,1
DA:15,1
DA:17,1
DA:19,1
DA:24,0
DA:25,0
DA:27,0
DA:29,0
DA:30,0
DA:32,0
DA:34,0
DA:37,0
DA:40,0
DA:43,0
DA:46,1
DA:50,1
DA:53,1
LF:21
LH:11
BRDA:24,0,0,0
BRDA:24,0,1,0
BRDA:27,1,0,0
BRDA:27,1,1,0
BRF:4
BRH:0
end_of_record
TN:
SF:src/components/SignIn.jsx
FN:18,Copyright
FN:35,SignIn
FN:38,(anonymous_2)
FN:45,(anonymous_3)
FN:61,(anonymous_4)
FN:71,(anonymous_5)
FN:138,(anonymous_6)
FNF:7
FNH:3
FNDA:1,Copyright
FNDA:1,SignIn
FNDA:1,(anonymous_2)
FNDA:0,(anonymous_3)
FNDA:0,(anonymous_4)
FNDA:0,(anonymous_5)
FNDA:0,(anonymous_6)
DA:19,1
DA:33,1
DA:37,1
DA:38,1
DA:39,1
DA:40,0
DA:45,1
DA:47,0
DA:48,0
DA:50,0
DA:63,0
DA:65,0
DA:66,0
DA:68,0
DA:72,0
DA:77,1
DA:138,0
LF:17
LH:7
BRDA:39,0,0,0
BRDA:39,0,1,1
BRDA:65,1,0,0
BRDA:65,1,1,0
BRF:4
BRH:1
end_of_record
TN:
SF:src/components/SignUp.jsx
FN:16,Copyright
FN:33,SignUp
FN:39,(anonymous_2)
FN:56,(anonymous_3)
FN:59,(anonymous_4)
FN:62,(anonymous_5)
FN:157,(anonymous_6)
FNF:7
FNH:0
FNDA:0,Copyright
FNDA:0,SignUp
FNDA:0,(anonymous_2)
FNDA:0,(anonymous_3)
FNDA:0,(anonymous_4)
FNDA:0,(anonymous_5)
FNDA:0,(anonymous_6)
DA:17,0
DA:30,0
DA:36,0
DA:39,0
DA:40,0
DA:41,0
DA:43,0
DA:57,0
DA:60,0
DA:62,0
DA:65,0
DA:157,0
LF:12
LH:0
BRF:0
BRH:0
end_of_record
TN:
SF:src/components/dashboard.jsx
FN:8,(anonymous_0)
FN:12,(anonymous_1)
FN:17,(anonymous_2)
FN:22,getNewData
FN:38,(anonymous_4)
FN:48,(anonymous_5)
FN:64,(anonymous_6)
FN:69,getExistingData
FN:78,(anonymous_8)
FN:87,(anonymous_9)
FN:90,(anonymous_10)
FN:99,(anonymous_11)
FNF:12
FNH:0
FNDA:0,(anonymous_0)
FNDA:0,(anonymous_1)
FNDA:0,(anonymous_2)
FNDA:0,getNewData
FNDA:0,(anonymous_4)
FNDA:0,(anonymous_5)
FNDA:0,(anonymous_6)
FNDA:0,getExistingData
FNDA:0,(anonymous_8)
FNDA:0,(anonymous_9)
FNDA:0,(anonymous_10)
FNDA:0,(anonymous_11)
DA:8,0
DA:9,0
DA:10,0
DA:12,0
DA:13,0
DA:17,0
DA:18,0
DA:23,0
DA:25,0
DA:26,0
DA:27,0
DA:29,0
DA:31,0
DA:39,0
DA:41,0
DA:42,0
DA:43,0
DA:45,0
DA:49,0
DA:50,0
DA:51,0
DA:53,0
DA:56,0
DA:57,0
DA:58,0
DA:60,0
DA:62,0
DA:65,0
DA:71,0
DA:80,0
DA:81,0
DA:82,0
DA:84,0
DA:88,0
DA:91,0
DA:95,0
DA:96,0
DA:97,0
DA:99,0
DA:102,0
DA:104,0
LF:41
LH:0
BRDA:41,0,0,0
BRDA:41,0,1,0
BRDA:49,1,0,0
BRDA:49,1,1,0
BRDA:53,2,0,0
BRDA:53,2,1,0
BRDA:80,3,0,0
BRDA:80,3,1,0
BRDA:126,4,0,0
BRDA:126,4,1,0
BRDA:135,5,0,0
BRDA:135,5,1,0
BRF:12
BRH:0
end_of_record
