{"/Users/vickyhoang/git/RenderPup/src/index.js": {"path":"/Users/vickyhoang/git/RenderPup/src/index.js","statementMap":{"0":{"start":{"line":6,"column":13},"end":{"line":6,"column":55}},"1":{"start":{"line":7,"column":0},"end":{"line":7,"column":21}}},"fnMap":{},"branchMap":{},"s":{"0":0,"1":0},"f":{},"b":{}}
,"/Users/vickyhoang/git/RenderPup/src/components/About.jsx": {"path":"/Users/vickyhoang/git/RenderPup/src/components/About.jsx","statementMap":{"0":{"start":{"line":8,"column":14},"end":{"line":105,"column":1}},"1":{"start":{"line":9,"column":19},"end":{"line":9,"column":32}},"2":{"start":{"line":11,"column":26},"end":{"line":14,"column":3}},"3":{"start":{"line":13,"column":4},"end":{"line":13,"column":27}},"4":{"start":{"line":15,"column":4},"end":{"line":104,"column":6}}},"fnMap":{"0":{"name":"(anonymous_0)","decl":{"start":{"line":8,"column":14},"end":{"line":8,"column":15}},"loc":{"start":{"line":8,"column":20},"end":{"line":105,"column":1}},"line":8},"1":{"name":"(anonymous_1)","decl":{"start":{"line":11,"column":26},"end":{"line":11,"column":27}},"loc":{"start":{"line":11,"column":32},"end":{"line":14,"column":3}},"line":11}},"branchMap":{},"s":{"0":1,"1":1,"2":1,"3":0,"4":1},"f":{"0":1,"1":0},"b":{},"_coverageSchema":"1a1c01bbd47fc00a2c39e90264f33305004495a9","hash":"7f8e748b979ed7e77fd2e9fea3a6d393d2c74cd4"}
,"/Users/vickyhoang/git/RenderPup/src/components/App.jsx": {"path":"/Users/vickyhoang/git/RenderPup/src/components/App.jsx","statementMap":{"0":{"start":{"line":15,"column":12},"end":{"line":73,"column":1}},"1":{"start":{"line":17,"column":40},"end":{"line":17,"column":57}},"2":{"start":{"line":19,"column":31},"end":{"line":19,"column":77}},"3":{"start":{"line":21,"column":21},"end":{"line":23,"column":3}},"4":{"start":{"line":22,"column":4},"end":{"line":22,"column":29}},"5":{"start":{"line":27,"column":2},"end":{"line":27,"column":32}},"6":{"start":{"line":27,"column":26},"end":{"line":27,"column":32}},"7":{"start":{"line":28,"column":18},"end":{"line":28,"column":32}},"8":{"start":{"line":29,"column":2},"end":{"line":38,"column":3}},"9":{"start":{"line":29,"column":15},"end":{"line":29,"column":16}},"10":{"start":{"line":31,"column":4},"end":{"line":37,"column":5}},"11":{"start":{"line":32,"column":6},"end":{"line":32,"column":22}},"12":{"start":{"line":35,"column":9},"end":{"line":37,"column":5}},"13":{"start":{"line":36,"column":6},"end":{"line":36,"column":43}},"14":{"start":{"line":39,"column":2},"end":{"line":39,"column":25}},"15":{"start":{"line":42,"column":0},"end":{"line":71,"column":2}}},"fnMap":{"0":{"name":"(anonymous_0)","decl":{"start":{"line":15,"column":12},"end":{"line":15,"column":13}},"loc":{"start":{"line":15,"column":18},"end":{"line":73,"column":1}},"line":15},"1":{"name":"(anonymous_1)","decl":{"start":{"line":21,"column":21},"end":{"line":21,"column":22}},"loc":{"start":{"line":21,"column":35},"end":{"line":23,"column":3}},"line":21},"2":{"name":"convertDate","decl":{"start":{"line":26,"column":9},"end":{"line":26,"column":20}},"loc":{"start":{"line":26,"column":27},"end":{"line":40,"column":1}},"line":26}},"branchMap":{"0":{"loc":{"start":{"line":27,"column":2},"end":{"line":27,"column":32}},"type":"if","locations":[{"start":{"line":27,"column":2},"end":{"line":27,"column":32}},{"start":{},"end":{}}],"line":27},"1":{"loc":{"start":{"line":31,"column":4},"end":{"line":37,"column":5}},"type":"if","locations":[{"start":{"line":31,"column":4},"end":{"line":37,"column":5}},{"start":{"line":35,"column":9},"end":{"line":37,"column":5}}],"line":31},"2":{"loc":{"start":{"line":35,"column":9},"end":{"line":37,"column":5}},"type":"if","locations":[{"start":{"line":35,"column":9},"end":{"line":37,"column":5}},{"start":{},"end":{}}],"line":35},"3":{"loc":{"start":{"line":50,"column":36},"end":{"line":50,"column":144}},"type":"cond-expr","locations":[{"start":{"line":50,"column":64},"end":{"line":50,"column":100}},{"start":{"line":50,"column":107},"end":{"line":50,"column":143}}],"line":50}},"s":{"0":0,"1":0,"2":0,"3":0,"4":0,"5":0,"6":0,"7":0,"8":0,"9":0,"10":0,"11":0,"12":0,"13":0,"14":0,"15":0},"f":{"0":0,"1":0,"2":0},"b":{"0":[0,0],"1":[0,0],"2":[0,0],"3":[0,0]}}
,"/Users/vickyhoang/git/RenderPup/src/components/BarGraph.jsx": {"path":"/Users/vickyhoang/git/RenderPup/src/components/BarGraph.jsx","statementMap":{"0":{"start":{"line":5,"column":17},"end":{"line":70,"column":1}},"1":{"start":{"line":7,"column":22},"end":{"line":7,"column":37}},"2":{"start":{"line":9,"column":19},"end":{"line":38,"column":7}},"3":{"start":{"line":11,"column":38},"end":{"line":11,"column":66}},"4":{"start":{"line":16,"column":40},"end":{"line":16,"column":48}},"5":{"start":{"line":28,"column":40},"end":{"line":28,"column":48}},"6":{"start":{"line":40,"column":22},"end":{"line":61,"column":5}},"7":{"start":{"line":63,"column":2},"end":{"line":69,"column":4}}},"fnMap":{"0":{"name":"(anonymous_0)","decl":{"start":{"line":5,"column":17},"end":{"line":5,"column":18}},"loc":{"start":{"line":5,"column":28},"end":{"line":70,"column":1}},"line":5},"1":{"name":"(anonymous_1)","decl":{"start":{"line":11,"column":30},"end":{"line":11,"column":31}},"loc":{"start":{"line":11,"column":38},"end":{"line":11,"column":66}},"line":11},"2":{"name":"(anonymous_2)","decl":{"start":{"line":16,"column":32},"end":{"line":16,"column":33}},"loc":{"start":{"line":16,"column":40},"end":{"line":16,"column":48}},"line":16},"3":{"name":"(anonymous_3)","decl":{"start":{"line":28,"column":32},"end":{"line":28,"column":33}},"loc":{"start":{"line":28,"column":40},"end":{"line":28,"column":48}},"line":28}},"branchMap":{},"s":{"0":0,"1":0,"2":0,"3":0,"4":0,"5":0,"6":0,"7":0},"f":{"0":0,"1":0,"2":0,"3":0},"b":{}}
,"/Users/vickyhoang/git/RenderPup/src/components/Doughnut.jsx": {"path":"/Users/vickyhoang/git/RenderPup/src/components/Doughnut.jsx","statementMap":{"0":{"start":{"line":5,"column":22},"end":{"line":58,"column":1}},"1":{"start":{"line":7,"column":20},"end":{"line":7,"column":66}},"2":{"start":{"line":9,"column":15},"end":{"line":9,"column":37}},"3":{"start":{"line":10,"column":17},"end":{"line":10,"column":41}},"4":{"start":{"line":11,"column":27},"end":{"line":22,"column":1}},"5":{"start":{"line":23,"column":17},"end":{"line":37,"column":3}},"6":{"start":{"line":25,"column":29},"end":{"line":25,"column":33}},"7":{"start":{"line":29,"column":33},"end":{"line":29,"column":37}},"8":{"start":{"line":31,"column":33},"end":{"line":31,"column":37}},"9":{"start":{"line":38,"column":18},"end":{"line":48,"column":5}},"10":{"start":{"line":49,"column":2},"end":{"line":57,"column":4}}},"fnMap":{"0":{"name":"(anonymous_0)","decl":{"start":{"line":5,"column":22},"end":{"line":5,"column":23}},"loc":{"start":{"line":5,"column":33},"end":{"line":58,"column":1}},"line":5},"1":{"name":"(anonymous_1)","decl":{"start":{"line":25,"column":21},"end":{"line":25,"column":22}},"loc":{"start":{"line":25,"column":29},"end":{"line":25,"column":33}},"line":25},"2":{"name":"(anonymous_2)","decl":{"start":{"line":29,"column":25},"end":{"line":29,"column":26}},"loc":{"start":{"line":29,"column":33},"end":{"line":29,"column":37}},"line":29},"3":{"name":"(anonymous_3)","decl":{"start":{"line":31,"column":25},"end":{"line":31,"column":26}},"loc":{"start":{"line":31,"column":33},"end":{"line":31,"column":37}},"line":31}},"branchMap":{},"s":{"0":0,"1":0,"2":0,"3":0,"4":0,"5":0,"6":0,"7":0,"8":0,"9":0,"10":0},"f":{"0":0,"1":0,"2":0,"3":0},"b":{}}
,"/Users/vickyhoang/git/RenderPup/src/components/LineChartNSL.jsx": {"path":"/Users/vickyhoang/git/RenderPup/src/components/LineChartNSL.jsx","statementMap":{"0":{"start":{"line":5,"column":21},"end":{"line":55,"column":1}},"1":{"start":{"line":7,"column":22},"end":{"line":7,"column":31}},"2":{"start":{"line":9,"column":19},"end":{"line":23,"column":5}},"3":{"start":{"line":11,"column":38},"end":{"line":11,"column":60}},"4":{"start":{"line":19,"column":44},"end":{"line":19,"column":52}},"5":{"start":{"line":25,"column":20},"end":{"line":46,"column":5}},"6":{"start":{"line":48,"column":4},"end":{"line":54,"column":5}}},"fnMap":{"0":{"name":"(anonymous_0)","decl":{"start":{"line":5,"column":21},"end":{"line":5,"column":22}},"loc":{"start":{"line":5,"column":46},"end":{"line":55,"column":1}},"line":5},"1":{"name":"(anonymous_1)","decl":{"start":{"line":11,"column":30},"end":{"line":11,"column":31}},"loc":{"start":{"line":11,"column":38},"end":{"line":11,"column":60}},"line":11},"2":{"name":"(anonymous_2)","decl":{"start":{"line":19,"column":36},"end":{"line":19,"column":37}},"loc":{"start":{"line":19,"column":44},"end":{"line":19,"column":52}},"line":19}},"branchMap":{},"s":{"0":0,"1":0,"2":0,"3":0,"4":0,"5":0,"6":0},"f":{"0":0,"1":0,"2":0},"b":{}}
,"/Users/vickyhoang/git/RenderPup/src/components/LineChartTTFB.jsx": {"path":"/Users/vickyhoang/git/RenderPup/src/components/LineChartTTFB.jsx","statementMap":{"0":{"start":{"line":5,"column":22},"end":{"line":55,"column":1}},"1":{"start":{"line":7,"column":22},"end":{"line":7,"column":31}},"2":{"start":{"line":9,"column":19},"end":{"line":23,"column":5}},"3":{"start":{"line":11,"column":38},"end":{"line":11,"column":60}},"4":{"start":{"line":19,"column":44},"end":{"line":19,"column":53}},"5":{"start":{"line":25,"column":20},"end":{"line":46,"column":5}},"6":{"start":{"line":48,"column":4},"end":{"line":54,"column":5}}},"fnMap":{"0":{"name":"(anonymous_0)","decl":{"start":{"line":5,"column":22},"end":{"line":5,"column":23}},"loc":{"start":{"line":5,"column":47},"end":{"line":55,"column":1}},"line":5},"1":{"name":"(anonymous_1)","decl":{"start":{"line":11,"column":30},"end":{"line":11,"column":31}},"loc":{"start":{"line":11,"column":38},"end":{"line":11,"column":60}},"line":11},"2":{"name":"(anonymous_2)","decl":{"start":{"line":19,"column":36},"end":{"line":19,"column":37}},"loc":{"start":{"line":19,"column":44},"end":{"line":19,"column":53}},"line":19}},"branchMap":{},"s":{"0":0,"1":0,"2":0,"3":0,"4":0,"5":0,"6":0},"f":{"0":0,"1":0,"2":0},"b":{}}
,"/Users/vickyhoang/git/RenderPup/src/components/Logout.jsx": {"path":"/Users/vickyhoang/git/RenderPup/src/components/Logout.jsx","statementMap":{"0":{"start":{"line":6,"column":15},"end":{"line":60,"column":1}},"1":{"start":{"line":8,"column":19},"end":{"line":8,"column":32}},"2":{"start":{"line":10,"column":34},"end":{"line":10,"column":46}},"3":{"start":{"line":12,"column":22},"end":{"line":12,"column":66}},"4":{"start":{"line":14,"column":2},"end":{"line":51,"column":17}},"5":{"start":{"line":15,"column":23},"end":{"line":48,"column":3}},"6":{"start":{"line":17,"column":4},"end":{"line":47,"column":5}},"7":{"start":{"line":19,"column":23},"end":{"line":22,"column":8}},"8":{"start":{"line":24,"column":6},"end":{"line":44,"column":7}},"9":{"start":{"line":25,"column":29},"end":{"line":25,"column":50}},"10":{"start":{"line":27,"column":8},"end":{"line":41,"column":9}},"11":{"start":{"line":29,"column":10},"end":{"line":29,"column":32}},"12":{"start":{"line":30,"column":10},"end":{"line":30,"column":48}},"13":{"start":{"line":32,"column":10},"end":{"line":38,"column":16}},"14":{"start":{"line":34,"column":12},"end":{"line":34,"column":26}},"15":{"start":{"line":37,"column":10},"end":{"line":37,"column":24}},"16":{"start":{"line":40,"column":10},"end":{"line":40,"column":64}},"17":{"start":{"line":43,"column":8},"end":{"line":43,"column":69}},"18":{"start":{"line":46,"column":6},"end":{"line":46,"column":51}},"19":{"start":{"line":50,"column":4},"end":{"line":50,"column":19}},"20":{"start":{"line":53,"column":2},"end":{"line":59,"column":4}}},"fnMap":{"0":{"name":"(anonymous_0)","decl":{"start":{"line":6,"column":15},"end":{"line":6,"column":16}},"loc":{"start":{"line":6,"column":21},"end":{"line":60,"column":1}},"line":6},"1":{"name":"(anonymous_1)","decl":{"start":{"line":14,"column":12},"end":{"line":14,"column":13}},"loc":{"start":{"line":14,"column":18},"end":{"line":51,"column":3}},"line":14},"2":{"name":"(anonymous_2)","decl":{"start":{"line":15,"column":23},"end":{"line":15,"column":24}},"loc":{"start":{"line":15,"column":35},"end":{"line":48,"column":3}},"line":15},"3":{"name":"(anonymous_3)","decl":{"start":{"line":32,"column":21},"end":{"line":32,"column":22}},"loc":{"start":{"line":32,"column":27},"end":{"line":38,"column":9}},"line":32}},"branchMap":{"0":{"loc":{"start":{"line":24,"column":6},"end":{"line":44,"column":7}},"type":"if","locations":[{"start":{"line":24,"column":6},"end":{"line":44,"column":7}},{"start":{"line":42,"column":13},"end":{"line":44,"column":7}}],"line":24},"1":{"loc":{"start":{"line":27,"column":8},"end":{"line":41,"column":9}},"type":"if","locations":[{"start":{"line":27,"column":8},"end":{"line":41,"column":9}},{"start":{"line":39,"column":15},"end":{"line":41,"column":9}}],"line":27}},"s":{"0":1,"1":1,"2":1,"3":1,"4":1,"5":1,"6":1,"7":1,"8":0,"9":0,"10":0,"11":0,"12":0,"13":0,"14":0,"15":0,"16":0,"17":0,"18":1,"19":1,"20":1},"f":{"0":1,"1":1,"2":1,"3":0},"b":{"0":[0,0],"1":[0,0]},"_coverageSchema":"1a1c01bbd47fc00a2c39e90264f33305004495a9","hash":"e0bca803c5e24e7bfd36f63ec7bcdb8b6ef3270c"}
,"/Users/vickyhoang/git/RenderPup/src/components/SignIn.jsx": {"path":"/Users/vickyhoang/git/RenderPup/src/components/SignIn.jsx","statementMap":{"0":{"start":{"line":19,"column":2},"end":{"line":28,"column":4}},"1":{"start":{"line":33,"column":21},"end":{"line":33,"column":34}},"2":{"start":{"line":37,"column":19},"end":{"line":37,"column":32}},"3":{"start":{"line":38,"column":2},"end":{"line":42,"column":8}},"4":{"start":{"line":39,"column":4},"end":{"line":41,"column":5}},"5":{"start":{"line":40,"column":6},"end":{"line":40,"column":50}},"6":{"start":{"line":45,"column":23},"end":{"line":75,"column":3}},"7":{"start":{"line":47,"column":4},"end":{"line":47,"column":27}},"8":{"start":{"line":48,"column":17},"end":{"line":48,"column":50}},"9":{"start":{"line":50,"column":4},"end":{"line":73,"column":9}},"10":{"start":{"line":63,"column":25},"end":{"line":63,"column":42}},"11":{"start":{"line":65,"column":8},"end":{"line":69,"column":9}},"12":{"start":{"line":66,"column":10},"end":{"line":66,"column":32}},"13":{"start":{"line":68,"column":10},"end":{"line":68,"column":56}},"14":{"start":{"line":72,"column":8},"end":{"line":72,"column":51}},"15":{"start":{"line":77,"column":2},"end":{"line":150,"column":4}},"16":{"start":{"line":138,"column":39},"end":{"line":138,"column":61}}},"fnMap":{"0":{"name":"Copyright","decl":{"start":{"line":18,"column":9},"end":{"line":18,"column":18}},"loc":{"start":{"line":18,"column":26},"end":{"line":29,"column":1}},"line":18},"1":{"name":"SignIn","decl":{"start":{"line":35,"column":24},"end":{"line":35,"column":30}},"loc":{"start":{"line":35,"column":47},"end":{"line":151,"column":1}},"line":35},"2":{"name":"(anonymous_2)","decl":{"start":{"line":38,"column":12},"end":{"line":38,"column":13}},"loc":{"start":{"line":38,"column":18},"end":{"line":42,"column":3}},"line":38},"3":{"name":"(anonymous_3)","decl":{"start":{"line":45,"column":23},"end":{"line":45,"column":24}},"loc":{"start":{"line":45,"column":34},"end":{"line":75,"column":3}},"line":45},"4":{"name":"(anonymous_4)","decl":{"start":{"line":61,"column":12},"end":{"line":61,"column":13}},"loc":{"start":{"line":61,"column":26},"end":{"line":70,"column":7}},"line":61},"5":{"name":"(anonymous_5)","decl":{"start":{"line":71,"column":13},"end":{"line":71,"column":14}},"loc":{"start":{"line":71,"column":20},"end":{"line":73,"column":7}},"line":71},"6":{"name":"(anonymous_6)","decl":{"start":{"line":138,"column":33},"end":{"line":138,"column":34}},"loc":{"start":{"line":138,"column":39},"end":{"line":138,"column":61}},"line":138}},"branchMap":{"0":{"loc":{"start":{"line":39,"column":4},"end":{"line":41,"column":5}},"type":"if","locations":[{"start":{"line":39,"column":4},"end":{"line":41,"column":5}},{"start":{},"end":{}}],"line":39},"1":{"loc":{"start":{"line":65,"column":8},"end":{"line":69,"column":9}},"type":"if","locations":[{"start":{"line":65,"column":8},"end":{"line":69,"column":9}},{"start":{"line":67,"column":15},"end":{"line":69,"column":9}}],"line":65}},"s":{"0":1,"1":1,"2":1,"3":1,"4":1,"5":0,"6":1,"7":0,"8":0,"9":0,"10":0,"11":0,"12":0,"13":0,"14":0,"15":1,"16":0},"f":{"0":1,"1":1,"2":1,"3":0,"4":0,"5":0,"6":0},"b":{"0":[0,1],"1":[0,0]},"_coverageSchema":"1a1c01bbd47fc00a2c39e90264f33305004495a9","hash":"3c6ea821a67782ab672b3d1219a86678ede971d2"}
,"/Users/vickyhoang/git/RenderPup/src/components/SignUp.jsx": {"path":"/Users/vickyhoang/git/RenderPup/src/components/SignUp.jsx","statementMap":{"0":{"start":{"line":17,"column":2},"end":{"line":26,"column":4}},"1":{"start":{"line":30,"column":21},"end":{"line":30,"column":34}},"2":{"start":{"line":36,"column":18},"end":{"line":36,"column":31}},"3":{"start":{"line":39,"column":23},"end":{"line":63,"column":3}},"4":{"start":{"line":40,"column":4},"end":{"line":40,"column":27}},"5":{"start":{"line":41,"column":17},"end":{"line":41,"column":50}},"6":{"start":{"line":43,"column":4},"end":{"line":62,"column":65}},"7":{"start":{"line":57,"column":8},"end":{"line":57,"column":31}},"8":{"start":{"line":60,"column":8},"end":{"line":60,"column":26}},"9":{"start":{"line":62,"column":20},"end":{"line":62,"column":64}},"10":{"start":{"line":65,"column":2},"end":{"line":170,"column":4}},"11":{"start":{"line":157,"column":39},"end":{"line":157,"column":60}}},"fnMap":{"0":{"name":"Copyright","decl":{"start":{"line":16,"column":9},"end":{"line":16,"column":18}},"loc":{"start":{"line":16,"column":26},"end":{"line":27,"column":1}},"line":16},"1":{"name":"SignUp","decl":{"start":{"line":33,"column":24},"end":{"line":33,"column":30}},"loc":{"start":{"line":33,"column":47},"end":{"line":171,"column":1}},"line":33},"2":{"name":"(anonymous_2)","decl":{"start":{"line":39,"column":23},"end":{"line":39,"column":24}},"loc":{"start":{"line":39,"column":34},"end":{"line":63,"column":3}},"line":39},"3":{"name":"(anonymous_3)","decl":{"start":{"line":56,"column":12},"end":{"line":56,"column":13}},"loc":{"start":{"line":56,"column":24},"end":{"line":58,"column":7}},"line":56},"4":{"name":"(anonymous_4)","decl":{"start":{"line":59,"column":12},"end":{"line":59,"column":13}},"loc":{"start":{"line":59,"column":20},"end":{"line":61,"column":7}},"line":59},"5":{"name":"(anonymous_5)","decl":{"start":{"line":62,"column":13},"end":{"line":62,"column":14}},"loc":{"start":{"line":62,"column":20},"end":{"line":62,"column":64}},"line":62},"6":{"name":"(anonymous_6)","decl":{"start":{"line":157,"column":33},"end":{"line":157,"column":34}},"loc":{"start":{"line":157,"column":39},"end":{"line":157,"column":60}},"line":157}},"branchMap":{},"s":{"0":0,"1":0,"2":0,"3":0,"4":0,"5":0,"6":0,"7":0,"8":0,"9":0,"10":0,"11":0},"f":{"0":0,"1":0,"2":0,"3":0,"4":0,"5":0,"6":0},"b":{}}
,"/Users/vickyhoang/git/RenderPup/src/components/dashboard.jsx": {"path":"/Users/vickyhoang/git/RenderPup/src/components/dashboard.jsx","statementMap":{"0":{"start":{"line":9,"column":18},"end":{"line":219,"column":1}},"1":{"start":{"line":10,"column":26},"end":{"line":10,"column":41}},"2":{"start":{"line":12,"column":34},"end":{"line":12,"column":48}},"3":{"start":{"line":14,"column":32},"end":{"line":14,"column":47}},"4":{"start":{"line":16,"column":29},"end":{"line":16,"column":48}},"5":{"start":{"line":18,"column":19},"end":{"line":18,"column":32}},"6":{"start":{"line":20,"column":2},"end":{"line":44,"column":18}},"7":{"start":{"line":23,"column":6},"end":{"line":39,"column":59}},"8":{"start":{"line":24,"column":24},"end":{"line":24,"column":39}},"9":{"start":{"line":27,"column":27},"end":{"line":27,"column":36}},"10":{"start":{"line":29,"column":8},"end":{"line":36,"column":9}},"11":{"start":{"line":30,"column":10},"end":{"line":34,"column":11}},"12":{"start":{"line":31,"column":28},"end":{"line":31,"column":45}},"13":{"start":{"line":32,"column":12},"end":{"line":32,"column":49}},"14":{"start":{"line":33,"column":12},"end":{"line":33,"column":37}},"15":{"start":{"line":35,"column":10},"end":{"line":35,"column":32}},"16":{"start":{"line":37,"column":8},"end":{"line":37,"column":27}},"17":{"start":{"line":39,"column":20},"end":{"line":39,"column":58}},"18":{"start":{"line":42,"column":4},"end":{"line":42,"column":15}},"19":{"start":{"line":43,"column":4},"end":{"line":43,"column":52}},"20":{"start":{"line":47,"column":21},"end":{"line":50,"column":3}},"21":{"start":{"line":48,"column":4},"end":{"line":48,"column":37}},"22":{"start":{"line":49,"column":4},"end":{"line":49,"column":19}},"23":{"start":{"line":52,"column":22},"end":{"line":55,"column":3}},"24":{"start":{"line":53,"column":4},"end":{"line":53,"column":22}},"25":{"start":{"line":54,"column":4},"end":{"line":54,"column":19}},"26":{"start":{"line":58,"column":22},"end":{"line":60,"column":3}},"27":{"start":{"line":59,"column":4},"end":{"line":59,"column":23}},"28":{"start":{"line":62,"column":24},"end":{"line":65,"column":3}},"29":{"start":{"line":64,"column":4},"end":{"line":64,"column":24}},"30":{"start":{"line":67,"column":18},"end":{"line":67,"column":20}},"31":{"start":{"line":69,"column":15},"end":{"line":69,"column":34}},"32":{"start":{"line":70,"column":2},"end":{"line":72,"column":3}},"33":{"start":{"line":70,"column":15},"end":{"line":70,"column":16}},"34":{"start":{"line":71,"column":4},"end":{"line":71,"column":123}},"35":{"start":{"line":71,"column":42},"end":{"line":71,"column":69}},"36":{"start":{"line":76,"column":24},"end":{"line":78,"column":3}},"37":{"start":{"line":77,"column":17},"end":{"line":77,"column":43}},"38":{"start":{"line":82,"column":4},"end":{"line":82,"column":21}},"39":{"start":{"line":84,"column":21},"end":{"line":84,"column":63}},"40":{"start":{"line":85,"column":18},"end":{"line":85,"column":32}},"41":{"start":{"line":86,"column":4},"end":{"line":86,"column":23}},"42":{"start":{"line":88,"column":4},"end":{"line":88,"column":44}},"43":{"start":{"line":90,"column":4},"end":{"line":125,"column":9}},"44":{"start":{"line":98,"column":8},"end":{"line":98,"column":26}},"45":{"start":{"line":100,"column":8},"end":{"line":103,"column":9}},"46":{"start":{"line":101,"column":10},"end":{"line":101,"column":86}},"47":{"start":{"line":102,"column":10},"end":{"line":102,"column":44}},"48":{"start":{"line":104,"column":8},"end":{"line":104,"column":31}},"49":{"start":{"line":108,"column":8},"end":{"line":120,"column":9}},"50":{"start":{"line":109,"column":30},"end":{"line":109,"column":94}},"51":{"start":{"line":110,"column":10},"end":{"line":110,"column":44}},"52":{"start":{"line":112,"column":13},"end":{"line":120,"column":9}},"53":{"start":{"line":115,"column":26},"end":{"line":115,"column":45}},"54":{"start":{"line":116,"column":10},"end":{"line":116,"column":41}},"55":{"start":{"line":117,"column":26},"end":{"line":117,"column":41}},"56":{"start":{"line":119,"column":10},"end":{"line":119,"column":30}},"57":{"start":{"line":121,"column":8},"end":{"line":121,"column":26}},"58":{"start":{"line":124,"column":8},"end":{"line":124,"column":49}},"59":{"start":{"line":131,"column":4},"end":{"line":152,"column":9}},"60":{"start":{"line":140,"column":8},"end":{"line":143,"column":9}},"61":{"start":{"line":141,"column":10},"end":{"line":141,"column":86}},"62":{"start":{"line":142,"column":10},"end":{"line":142,"column":46}},"63":{"start":{"line":144,"column":8},"end":{"line":144,"column":31}},"64":{"start":{"line":148,"column":8},"end":{"line":148,"column":26}},"65":{"start":{"line":151,"column":8},"end":{"line":151,"column":48}},"66":{"start":{"line":155,"column":22},"end":{"line":155,"column":66}},"67":{"start":{"line":157,"column":2},"end":{"line":218,"column":4}}},"fnMap":{"0":{"name":"(anonymous_0)","decl":{"start":{"line":9,"column":18},"end":{"line":9,"column":19}},"loc":{"start":{"line":9,"column":50},"end":{"line":219,"column":1}},"line":9},"1":{"name":"(anonymous_1)","decl":{"start":{"line":20,"column":12},"end":{"line":20,"column":13}},"loc":{"start":{"line":20,"column":18},"end":{"line":44,"column":3}},"line":20},"2":{"name":"fetchUrls","decl":{"start":{"line":22,"column":13},"end":{"line":22,"column":22}},"loc":{"start":{"line":22,"column":25},"end":{"line":40,"column":5}},"line":22},"3":{"name":"(anonymous_3)","decl":{"start":{"line":24,"column":12},"end":{"line":24,"column":13}},"loc":{"start":{"line":24,"column":24},"end":{"line":24,"column":39}},"line":24},"4":{"name":"(anonymous_4)","decl":{"start":{"line":25,"column":12},"end":{"line":25,"column":13}},"loc":{"start":{"line":25,"column":20},"end":{"line":38,"column":7}},"line":25},"5":{"name":"(anonymous_5)","decl":{"start":{"line":39,"column":13},"end":{"line":39,"column":14}},"loc":{"start":{"line":39,"column":20},"end":{"line":39,"column":58}},"line":39},"6":{"name":"(anonymous_6)","decl":{"start":{"line":47,"column":21},"end":{"line":47,"column":22}},"loc":{"start":{"line":47,"column":32},"end":{"line":50,"column":3}},"line":47},"7":{"name":"(anonymous_7)","decl":{"start":{"line":52,"column":22},"end":{"line":52,"column":23}},"loc":{"start":{"line":52,"column":28},"end":{"line":55,"column":3}},"line":52},"8":{"name":"(anonymous_8)","decl":{"start":{"line":58,"column":22},"end":{"line":58,"column":23}},"loc":{"start":{"line":58,"column":28},"end":{"line":60,"column":3}},"line":58},"9":{"name":"(anonymous_9)","decl":{"start":{"line":62,"column":24},"end":{"line":62,"column":25}},"loc":{"start":{"line":62,"column":30},"end":{"line":65,"column":3}},"line":62},"10":{"name":"(anonymous_10)","decl":{"start":{"line":71,"column":36},"end":{"line":71,"column":37}},"loc":{"start":{"line":71,"column":42},"end":{"line":71,"column":69}},"line":71},"11":{"name":"(anonymous_11)","decl":{"start":{"line":76,"column":24},"end":{"line":76,"column":25}},"loc":{"start":{"line":76,"column":39},"end":{"line":78,"column":3}},"line":76},"12":{"name":"getNewData","decl":{"start":{"line":81,"column":11},"end":{"line":81,"column":21}},"loc":{"start":{"line":81,"column":24},"end":{"line":126,"column":3}},"line":81},"13":{"name":"(anonymous_13)","decl":{"start":{"line":97,"column":12},"end":{"line":97,"column":13}},"loc":{"start":{"line":97,"column":24},"end":{"line":105,"column":7}},"line":97},"14":{"name":"(anonymous_14)","decl":{"start":{"line":107,"column":12},"end":{"line":107,"column":13}},"loc":{"start":{"line":107,"column":26},"end":{"line":122,"column":7}},"line":107},"15":{"name":"(anonymous_15)","decl":{"start":{"line":123,"column":13},"end":{"line":123,"column":14}},"loc":{"start":{"line":123,"column":22},"end":{"line":125,"column":7}},"line":123},"16":{"name":"getExistingData","decl":{"start":{"line":129,"column":11},"end":{"line":129,"column":26}},"loc":{"start":{"line":129,"column":36},"end":{"line":153,"column":3}},"line":129},"17":{"name":"(anonymous_17)","decl":{"start":{"line":138,"column":12},"end":{"line":138,"column":13}},"loc":{"start":{"line":138,"column":24},"end":{"line":145,"column":7}},"line":138},"18":{"name":"(anonymous_18)","decl":{"start":{"line":147,"column":12},"end":{"line":147,"column":13}},"loc":{"start":{"line":147,"column":20},"end":{"line":149,"column":7}},"line":147},"19":{"name":"(anonymous_19)","decl":{"start":{"line":150,"column":13},"end":{"line":150,"column":14}},"loc":{"start":{"line":150,"column":22},"end":{"line":152,"column":7}},"line":150}},"branchMap":{"0":{"loc":{"start":{"line":30,"column":10},"end":{"line":34,"column":11}},"type":"if","locations":[{"start":{"line":30,"column":10},"end":{"line":34,"column":11}},{"start":{},"end":{}}],"line":30},"1":{"loc":{"start":{"line":100,"column":8},"end":{"line":103,"column":9}},"type":"if","locations":[{"start":{"line":100,"column":8},"end":{"line":103,"column":9}},{"start":{},"end":{}}],"line":100},"2":{"loc":{"start":{"line":108,"column":8},"end":{"line":120,"column":9}},"type":"if","locations":[{"start":{"line":108,"column":8},"end":{"line":120,"column":9}},{"start":{"line":112,"column":13},"end":{"line":120,"column":9}}],"line":108},"3":{"loc":{"start":{"line":112,"column":13},"end":{"line":120,"column":9}},"type":"if","locations":[{"start":{"line":112,"column":13},"end":{"line":120,"column":9}},{"start":{},"end":{}}],"line":112},"4":{"loc":{"start":{"line":140,"column":8},"end":{"line":143,"column":9}},"type":"if","locations":[{"start":{"line":140,"column":8},"end":{"line":143,"column":9}},{"start":{},"end":{}}],"line":140},"5":{"loc":{"start":{"line":210,"column":10},"end":{"line":215,"column":18}},"type":"cond-expr","locations":[{"start":{"line":211,"column":10},"end":{"line":214,"column":16}},{"start":{"line":215,"column":14},"end":{"line":215,"column":18}}],"line":210}},"s":{"0":0,"1":0,"2":0,"3":0,"4":0,"5":0,"6":0,"7":0,"8":0,"9":0,"10":0,"11":0,"12":0,"13":0,"14":0,"15":0,"16":0,"17":0,"18":0,"19":0,"20":0,"21":0,"22":0,"23":0,"24":0,"25":0,"26":0,"27":0,"28":0,"29":0,"30":0,"31":0,"32":0,"33":0,"34":0,"35":0,"36":0,"37":0,"38":0,"39":0,"40":0,"41":0,"42":0,"43":0,"44":0,"45":0,"46":0,"47":0,"48":0,"49":0,"50":0,"51":0,"52":0,"53":0,"54":0,"55":0,"56":0,"57":0,"58":0,"59":0,"60":0,"61":0,"62":0,"63":0,"64":0,"65":0,"66":0,"67":0},"f":{"0":0,"1":0,"2":0,"3":0,"4":0,"5":0,"6":0,"7":0,"8":0,"9":0,"10":0,"11":0,"12":0,"13":0,"14":0,"15":0,"16":0,"17":0,"18":0,"19":0},"b":{"0":[0,0],"1":[0,0],"2":[0,0],"3":[0,0],"4":[0,0],"5":[0,0]}}
}
